<?xml version="1.0" encoding="UTF-8" ?>
<autopark>
    <name>Auto park</name>
    <locations>
        <location id="1">
            <address>125009, г.Москва, Тверская улица, дом 13</address>
            <type>Пункт проката</type>
            <vehicles>
                <vehicle id="1" status="В наличии">
                    <name>BMW X6</name>
                    <year>2015</year>
                    <mileage>20000</mileage>
                    <vehicle-inspection>2018</vehicle-inspection>
                    <next-vehicle-inspection>2019</next-vehicle-inspection>
                </vehicle>
                <vehicle id="2" status="В прокате">
                    <name>AUDI A6</name>
                    <year>2014</year>
                    <mileage>-</mileage>
                    <vehicle-inspection>2018</vehicle-inspection>
                    <next-vehicle-inspection>2019</next-vehicle-inspection>
                </vehicle>
                <vehicle id="3" status="На обслуживании">
                    <name>AUDI A4</name>
                    <year>2013</year>
                    <mileage>-</mileage>
                    <vehicle-inspection>2018</vehicle-inspection>
                    <next-vehicle-inspection>2019</next-vehicle-inspection>
                </vehicle>
                <vehicle id="4" status="Выбыл из автопарка">
                    <name>Volkswagen jetta</name>
                    <year>2001</year>
                    <mileage>-</mileage>
                    <vehicle-inspection>2018</vehicle-inspection>
                    <next-vehicle-inspection>2019</next-vehicle-inspection>
                </vehicle>
            </vehicles>
        </location>
        <location id="2">
            <address>125009, г.Москва, Вольная улица, дом 32</address>
            <type>Пункт проката</type>
            <vehicles>
                <vehicle id="5" status="В наличии">
                    <name>Лада веста</name>
                    <year>2018</year>
                    <mileage>20000</mileage>
                    <vehicle-inspection>2018</vehicle-inspection>
                    <next-vehicle-inspection>2019</next-vehicle-inspection>
                </vehicle>
                <vehicle id="6" status="В наличии">
                    <name>AUDI A8</name>
                    <year>2018</year>
                    <mileage>2000</mileage>
                    <vehicle-inspection>2018</vehicle-inspection>
                    <next-vehicle-inspection>2019</next-vehicle-inspection>
                </vehicle>
                <vehicle id="7" status="На обслуживании">
                    <name>AUDI S6</name>
                    <year>2013</year>
                    <mileage>-</mileage>
                    <vehicle-inspection>2018</vehicle-inspection>
                    <next-vehicle-inspection>2019</next-vehicle-inspection>
                </vehicle>
                <vehicle id="8" status="Выбыл из автопарка">
                    <name>Лада калина</name>
                    <year>2001</year>
                    <mileage>-</mileage>
                    <vehicle-inspection>2018</vehicle-inspection>
                    <next-vehicle-inspection>2019</next-vehicle-inspection>
                </vehicle>
            </vehicles>
        </location>
    </locations>
</autopark>